<?xml version="1.0" encoding="UTF-8" ?>
<testsuite tests="12" failures="0" name="com.jpinon.cipher.caesar.impl.CaesarCipherTest" time="0.011" errors="0" skipped="0">
  <properties>
[...]
</properties>
  <testcase classname="com.jpinon.cipher.caesar.impl.CaesarCipherTest" name="com.jpinon.cipher.caesar.impl.CaesarCipherTest.test0" time="0.01"/>
  <testcase classname="com.jpinon.cipher.caesar.impl.CaesarCipherTest" name="com.jpinon.cipher.caesar.impl.CaesarCipherTest.test1" time="0"/>
  <testcase classname="com.jpinon.cipher.caesar.impl.CaesarCipherTest" name="com.jpinon.cipher.caesar.impl.CaesarCipherTest.test2" time="0"/>
  <testcase classname="com.jpinon.cipher.caesar.impl.CaesarCipherTest" name="com.jpinon.cipher.caesar.impl.CaesarCipherTest.test3" time="0"/>
  <testcase classname="com.jpinon.cipher.caesar.impl.CaesarCipherTest" name="com.jpinon.cipher.caesar.impl.CaesarCipherTest.test4" time="0"/>
  <testcase classname="com.jpinon.cipher.caesar.impl.CaesarCipherTest" name="com.jpinon.cipher.caesar.impl.CaesarCipherTest.test5" time="0"/>
  <testcase classname="com.jpinon.cipher.caesar.impl.CaesarCipherTest" name="com.jpinon.cipher.caesar.impl.CaesarCipherTest.test6" time="0"/>
  <testcase classname="com.jpinon.cipher.caesar.impl.CaesarCipherTest" name="com.jpinon.cipher.caesar.impl.CaesarCipherTest.test7" time="0"/>
  <testcase classname="com.jpinon.cipher.caesar.impl.CaesarCipherTest" name="com.jpinon.cipher.caesar.impl.CaesarCipherTest.test8" time="0"/>
  <testcase classname="com.jpinon.cipher.caesar.impl.CaesarCipherTest" name="com.jpinon.cipher.caesar.impl.CaesarCipherTest.test9" time="0.001"/>
  <testcase classname="com.jpinon.cipher.caesar.impl.CaesarCipherTest" name="com.jpinon.cipher.caesar.impl.CaesarCipherTest.test10" time="0"/>
  <testcase classname="com.jpinon.cipher.caesar.impl.CaesarCipherTest" name="com.jpinon.cipher.caesar.impl.CaesarCipherTest.test11" time="0"/>
</testsuite>